Unable to parse files
In project: examples/nortos/MSP_EXP432E401Y/drivers/comparatorinterrupt/iar/SysConfig_Generated_Files.ipcf

TypeError: Path must be a string. Received undefined
In project: examples/nortos/MSP_EXP432E401Y/drivers/comparatorinterrupt/iar/SysConfig_Generated_Files.ipcf

Unable to parse files
In project: examples/nortos/MSP_EXP432E401Y/drivers/comparatorinterrupt/iar/comparatorinterrupt_MSP_EXP432E401Y_nortos_iar.ipcf

Unable to parse files
In project: examples/nortos/MSP_EXP432E401Y/drivers/display/iar/SysConfig_Generated_Files.ipcf

TypeError: Path must be a string. Received undefined
In project: examples/nortos/MSP_EXP432E401Y/drivers/display/iar/SysConfig_Generated_Files.ipcf

Unable to parse files
In project: examples/nortos/MSP_EXP432E401Y/drivers/display/iar/display_MSP_EXP432E401Y_nortos_iar.ipcf

Unable to parse files
In project: examples/nortos/MSP_EXP432E401Y/drivers/fatsdraw/iar/SysConfig_Generated_Files.ipcf

TypeError: Path must be a string. Received undefined
In project: examples/nortos/MSP_EXP432E401Y/drivers/fatsdraw/iar/SysConfig_Generated_Files.ipcf

Unable to parse files
In project: examples/nortos/MSP_EXP432E401Y/drivers/fatsdraw/iar/fatsdraw_MSP_EXP432E401Y_nortos_iar.ipcf

Unable to parse files
In project: examples/nortos/MSP_EXP432E401Y/drivers/gpiointerrupt/iar/SysConfig_Generated_Files.ipcf

TypeError: Path must be a string. Received undefined
In project: examples/nortos/MSP_EXP432E401Y/drivers/gpiointerrupt/iar/SysConfig_Generated_Files.ipcf

Unable to parse files
In project: examples/nortos/MSP_EXP432E401Y/drivers/gpiointerrupt/iar/gpiointerrupt_MSP_EXP432E401Y_nortos_iar.ipcf

Unable to parse files
In project: examples/nortos/MSP_EXP432E401Y/drivers/nvsinternal/iar/SysConfig_Generated_Files.ipcf

TypeError: Path must be a string. Received undefined
In project: examples/nortos/MSP_EXP432E401Y/drivers/nvsinternal/iar/SysConfig_Generated_Files.ipcf

Unable to parse files
In project: examples/nortos/MSP_EXP432E401Y/drivers/nvsinternal/iar/nvsinternal_MSP_EXP432E401Y_nortos_iar.ipcf

Unable to parse files
In project: examples/nortos/MSP_EXP432E401Y/drivers/pwmled1/iar/SysConfig_Generated_Files.ipcf

TypeError: Path must be a string. Received undefined
In project: examples/nortos/MSP_EXP432E401Y/drivers/pwmled1/iar/SysConfig_Generated_Files.ipcf

Unable to parse files
In project: examples/nortos/MSP_EXP432E401Y/drivers/pwmled1/iar/pwmled1_MSP_EXP432E401Y_nortos_iar.ipcf

Unable to parse files
In project: examples/nortos/MSP_EXP432E401Y/drivers/sdraw/iar/SysConfig_Generated_Files.ipcf

TypeError: Path must be a string. Received undefined
In project: examples/nortos/MSP_EXP432E401Y/drivers/sdraw/iar/SysConfig_Generated_Files.ipcf

Unable to parse files
In project: examples/nortos/MSP_EXP432E401Y/drivers/sdraw/iar/sdraw_MSP_EXP432E401Y_nortos_iar.ipcf

Unable to parse files
In project: examples/nortos/MSP_EXP432E401Y/drivers/spiffsinternal/iar/SysConfig_Generated_Files.ipcf

TypeError: Path must be a string. Received undefined
In project: examples/nortos/MSP_EXP432E401Y/drivers/spiffsinternal/iar/SysConfig_Generated_Files.ipcf

Unable to parse files
In project: examples/nortos/MSP_EXP432E401Y/drivers/spiffsinternal/iar/spiffsinternal_MSP_EXP432E401Y_nortos_iar.ipcf

Unable to parse files
In project: examples/nortos/MSP_EXP432E401Y/drivers/uartecho/iar/SysConfig_Generated_Files.ipcf

TypeError: Path must be a string. Received undefined
In project: examples/nortos/MSP_EXP432E401Y/drivers/uartecho/iar/SysConfig_Generated_Files.ipcf

Unable to parse files
In project: examples/nortos/MSP_EXP432E401Y/drivers/uartecho/iar/uartecho_MSP_EXP432E401Y_nortos_iar.ipcf

Unable to parse files
In project: examples/nortos/MSP_EXP432E401Y/drivers/watchdog/iar/SysConfig_Generated_Files.ipcf

TypeError: Path must be a string. Received undefined
In project: examples/nortos/MSP_EXP432E401Y/drivers/watchdog/iar/SysConfig_Generated_Files.ipcf

Unable to parse files
In project: examples/nortos/MSP_EXP432E401Y/drivers/watchdog/iar/watchdog_MSP_EXP432E401Y_nortos_iar.ipcf

Unable to parse files
In project: examples/rtos/MSP432E411Y_BGAEVM/drivers/gpiointerrupt/freertos/iar/SysConfig_Generated_Files.ipcf

TypeError: Path must be a string. Received undefined
In project: examples/rtos/MSP432E411Y_BGAEVM/drivers/gpiointerrupt/freertos/iar/SysConfig_Generated_Files.ipcf

Unable to parse files
In project: examples/rtos/MSP432E411Y_BGAEVM/drivers/gpiointerrupt/freertos/iar/gpiointerrupt_MSP432E411Y_BGAEVM_freertos_iar.ipcf

Unable to parse files
In project: examples/rtos/MSP432E411Y_BGAEVM/drivers/gpiointerrupt/tirtos/iar/SysConfig_Generated_Files.ipcf

TypeError: Path must be a string. Received undefined
In project: examples/rtos/MSP432E411Y_BGAEVM/drivers/gpiointerrupt/tirtos/iar/SysConfig_Generated_Files.ipcf

Unable to parse files
In project: examples/rtos/MSP432E411Y_BGAEVM/drivers/gpiointerrupt/tirtos/iar/gpiointerrupt_MSP432E411Y_BGAEVM_tirtos_iar.ipcf

Unable to parse files
In project: examples/rtos/MSP_EXP432E401Y/demos/outofbox_msp432e401y/freertos/iar/SysConfig_Generated_Files.ipcf

TypeError: Path must be a string. Received undefined
In project: examples/rtos/MSP_EXP432E401Y/demos/outofbox_msp432e401y/freertos/iar/SysConfig_Generated_Files.ipcf

Unable to parse files
In project: examples/rtos/MSP_EXP432E401Y/demos/outofbox_msp432e401y/freertos/iar/outofbox_msp432e401y_MSP_EXP432E401Y_freertos_iar.ipcf

Unable to parse files
In project: examples/rtos/MSP_EXP432E401Y/demos/outofbox_msp432e401y/tirtos/iar/SysConfig_Generated_Files.ipcf

TypeError: Path must be a string. Received undefined
In project: examples/rtos/MSP_EXP432E401Y/demos/outofbox_msp432e401y/tirtos/iar/SysConfig_Generated_Files.ipcf

Unable to parse files
In project: examples/rtos/MSP_EXP432E401Y/demos/outofbox_msp432e401y/tirtos/iar/outofbox_msp432e401y_MSP_EXP432E401Y_tirtos_iar.ipcf

Unable to parse files
In project: examples/rtos/MSP_EXP432E401Y/demos/portable/freertos/iar/SysConfig_Generated_Files.ipcf

TypeError: Path must be a string. Received undefined
In project: examples/rtos/MSP_EXP432E401Y/demos/portable/freertos/iar/SysConfig_Generated_Files.ipcf

Unable to parse files
In project: examples/rtos/MSP_EXP432E401Y/demos/portable/freertos/iar/portable_MSP_EXP432E401Y_freertos_iar.ipcf

Unable to parse files
In project: examples/rtos/MSP_EXP432E401Y/demos/portable/tirtos/iar/SysConfig_Generated_Files.ipcf

TypeError: Path must be a string. Received undefined
In project: examples/rtos/MSP_EXP432E401Y/demos/portable/tirtos/iar/SysConfig_Generated_Files.ipcf

Unable to parse files
In project: examples/rtos/MSP_EXP432E401Y/demos/portable/tirtos/iar/portable_MSP_EXP432E401Y_tirtos_iar.ipcf

Unable to parse files
In project: examples/rtos/MSP_EXP432E401Y/demos/portableNative/freertos/iar/SysConfig_Generated_Files.ipcf

TypeError: Path must be a string. Received undefined
In project: examples/rtos/MSP_EXP432E401Y/demos/portableNative/freertos/iar/SysConfig_Generated_Files.ipcf

Unable to parse files
In project: examples/rtos/MSP_EXP432E401Y/demos/portableNative/tirtos/iar/SysConfig_Generated_Files.ipcf

TypeError: Path must be a string. Received undefined
In project: examples/rtos/MSP_EXP432E401Y/demos/portableNative/tirtos/iar/SysConfig_Generated_Files.ipcf

Unable to parse files
In project: examples/rtos/MSP_EXP432E401Y/drivers/adcbufcontinuous/freertos/iar/SysConfig_Generated_Files.ipcf

TypeError: Path must be a string. Received undefined
In project: examples/rtos/MSP_EXP432E401Y/drivers/adcbufcontinuous/freertos/iar/SysConfig_Generated_Files.ipcf

Unable to parse files
In project: examples/rtos/MSP_EXP432E401Y/drivers/adcbufcontinuous/freertos/iar/adcbufcontinuous_MSP_EXP432E401Y_freertos_iar.ipcf

Unable to parse files
In project: examples/rtos/MSP_EXP432E401Y/drivers/adcbufcontinuous/tirtos/iar/SysConfig_Generated_Files.ipcf

TypeError: Path must be a string. Received undefined
In project: examples/rtos/MSP_EXP432E401Y/drivers/adcbufcontinuous/tirtos/iar/SysConfig_Generated_Files.ipcf

Unable to parse files
In project: examples/rtos/MSP_EXP432E401Y/drivers/adcbufcontinuous/tirtos/iar/adcbufcontinuous_MSP_EXP432E401Y_tirtos_iar.ipcf

Unable to parse files
In project: examples/rtos/MSP_EXP432E401Y/drivers/adcbufdifferential/freertos/iar/SysConfig_Generated_Files.ipcf

TypeError: Path must be a string. Received undefined
In project: examples/rtos/MSP_EXP432E401Y/drivers/adcbufdifferential/freertos/iar/SysConfig_Generated_Files.ipcf

Unable to parse files
In project: examples/rtos/MSP_EXP432E401Y/drivers/adcbufdifferential/freertos/iar/adcbufdifferential_MSP_EXP432E401Y_freertos_iar.ipcf

Unable to parse files
In project: examples/rtos/MSP_EXP432E401Y/drivers/adcbufdifferential/tirtos/iar/SysConfig_Generated_Files.ipcf

TypeError: Path must be a string. Received undefined
In project: examples/rtos/MSP_EXP432E401Y/drivers/adcbufdifferential/tirtos/iar/SysConfig_Generated_Files.ipcf

Unable to parse files
In project: examples/rtos/MSP_EXP432E401Y/drivers/adcbufdifferential/tirtos/iar/adcbufdifferential_MSP_EXP432E401Y_tirtos_iar.ipcf

Unable to parse files
In project: examples/rtos/MSP_EXP432E401Y/drivers/adcbufmultichannel/freertos/iar/SysConfig_Generated_Files.ipcf

TypeError: Path must be a string. Received undefined
In project: examples/rtos/MSP_EXP432E401Y/drivers/adcbufmultichannel/freertos/iar/SysConfig_Generated_Files.ipcf

Unable to parse files
In project: examples/rtos/MSP_EXP432E401Y/drivers/adcbufmultichannel/freertos/iar/adcbufmultichannel_MSP_EXP432E401Y_freertos_iar.ipcf

Unable to parse files
In project: examples/rtos/MSP_EXP432E401Y/drivers/adcbufmultichannel/tirtos/iar/SysConfig_Generated_Files.ipcf

TypeError: Path must be a string. Received undefined
In project: examples/rtos/MSP_EXP432E401Y/drivers/adcbufmultichannel/tirtos/iar/SysConfig_Generated_Files.ipcf

Unable to parse files
In project: examples/rtos/MSP_EXP432E401Y/drivers/adcbufmultichannel/tirtos/iar/adcbufmultichannel_MSP_EXP432E401Y_tirtos_iar.ipcf

Unable to parse files
In project: examples/rtos/MSP_EXP432E401Y/drivers/adcbufmultisequencer/freertos/iar/SysConfig_Generated_Files.ipcf

TypeError: Path must be a string. Received undefined
In project: examples/rtos/MSP_EXP432E401Y/drivers/adcbufmultisequencer/freertos/iar/SysConfig_Generated_Files.ipcf

Unable to parse files
In project: examples/rtos/MSP_EXP432E401Y/drivers/adcbufmultisequencer/freertos/iar/adcbufmultisequencer_MSP_EXP432E401Y_freertos_iar.ipcf

Unable to parse files
In project: examples/rtos/MSP_EXP432E401Y/drivers/adcbufmultisequencer/tirtos/iar/SysConfig_Generated_Files.ipcf

TypeError: Path must be a string. Received undefined
In project: examples/rtos/MSP_EXP432E401Y/drivers/adcbufmultisequencer/tirtos/iar/SysConfig_Generated_Files.ipcf

Unable to parse files
In project: examples/rtos/MSP_EXP432E401Y/drivers/adcbufmultisequencer/tirtos/iar/adcbufmultisequencer_MSP_EXP432E401Y_tirtos_iar.ipcf

Unable to parse files
In project: examples/rtos/MSP_EXP432E401Y/drivers/adcbuftemperature/freertos/iar/SysConfig_Generated_Files.ipcf

TypeError: Path must be a string. Received undefined
In project: examples/rtos/MSP_EXP432E401Y/drivers/adcbuftemperature/freertos/iar/SysConfig_Generated_Files.ipcf

Unable to parse files
In project: examples/rtos/MSP_EXP432E401Y/drivers/adcbuftemperature/freertos/iar/adcbuftemperature_MSP_EXP432E401Y_freertos_iar.ipcf

Unable to parse files
In project: examples/rtos/MSP_EXP432E401Y/drivers/adcbuftemperature/tirtos/iar/SysConfig_Generated_Files.ipcf

TypeError: Path must be a string. Received undefined
In project: examples/rtos/MSP_EXP432E401Y/drivers/adcbuftemperature/tirtos/iar/SysConfig_Generated_Files.ipcf

Unable to parse files
In project: examples/rtos/MSP_EXP432E401Y/drivers/adcbuftemperature/tirtos/iar/adcbuftemperature_MSP_EXP432E401Y_tirtos_iar.ipcf

Unable to parse files
In project: examples/rtos/MSP_EXP432E401Y/drivers/adcsinglechannel/freertos/iar/SysConfig_Generated_Files.ipcf

TypeError: Path must be a string. Received undefined
In project: examples/rtos/MSP_EXP432E401Y/drivers/adcsinglechannel/freertos/iar/SysConfig_Generated_Files.ipcf

Unable to parse files
In project: examples/rtos/MSP_EXP432E401Y/drivers/adcsinglechannel/freertos/iar/adcsinglechannel_MSP_EXP432E401Y_freertos_iar.ipcf

Unable to parse files
In project: examples/rtos/MSP_EXP432E401Y/drivers/adcsinglechannel/tirtos/iar/SysConfig_Generated_Files.ipcf

TypeError: Path must be a string. Received undefined
In project: examples/rtos/MSP_EXP432E401Y/drivers/adcsinglechannel/tirtos/iar/SysConfig_Generated_Files.ipcf

Unable to parse files
In project: examples/rtos/MSP_EXP432E401Y/drivers/adcsinglechannel/tirtos/iar/adcsinglechannel_MSP_EXP432E401Y_tirtos_iar.ipcf

Unable to parse files
In project: examples/rtos/MSP_EXP432E401Y/drivers/buttonled/tirtos/iar/SysConfig_Generated_Files.ipcf

TypeError: Path must be a string. Received undefined
In project: examples/rtos/MSP_EXP432E401Y/drivers/buttonled/tirtos/iar/SysConfig_Generated_Files.ipcf

Unable to parse files
In project: examples/rtos/MSP_EXP432E401Y/drivers/buttonled/tirtos/iar/buttonled_MSP_EXP432E401Y_tirtos_iar.ipcf

Unable to parse files
In project: examples/rtos/MSP_EXP432E401Y/drivers/buttonled/freertos/iar/SysConfig_Generated_Files.ipcf

TypeError: Path must be a string. Received undefined
In project: examples/rtos/MSP_EXP432E401Y/drivers/buttonled/freertos/iar/SysConfig_Generated_Files.ipcf

Unable to parse files
In project: examples/rtos/MSP_EXP432E401Y/drivers/buttonled/freertos/iar/buttonled_MSP_EXP432E401Y_freertos_iar.ipcf

Unable to parse files
In project: examples/rtos/MSP_EXP432E401Y/drivers/cangpiotxrx/freertos/iar/SysConfig_Generated_Files.ipcf

TypeError: Path must be a string. Received undefined
In project: examples/rtos/MSP_EXP432E401Y/drivers/cangpiotxrx/freertos/iar/SysConfig_Generated_Files.ipcf

Unable to parse files
In project: examples/rtos/MSP_EXP432E401Y/drivers/cangpiotxrx/freertos/iar/cangpiotxrx_MSP_EXP432E401Y_freertos_iar.ipcf

Unable to parse files
In project: examples/rtos/MSP_EXP432E401Y/drivers/cangpiotxrx/tirtos/iar/SysConfig_Generated_Files.ipcf

TypeError: Path must be a string. Received undefined
In project: examples/rtos/MSP_EXP432E401Y/drivers/cangpiotxrx/tirtos/iar/SysConfig_Generated_Files.ipcf

Unable to parse files
In project: examples/rtos/MSP_EXP432E401Y/drivers/cangpiotxrx/tirtos/iar/cangpiotxrx_MSP_EXP432E401Y_tirtos_iar.ipcf

Unable to parse files
In project: examples/rtos/MSP_EXP432E401Y/drivers/comparatorinterrupt/freertos/iar/SysConfig_Generated_Files.ipcf

TypeError: Path must be a string. Received undefined
In project: examples/rtos/MSP_EXP432E401Y/drivers/comparatorinterrupt/freertos/iar/SysConfig_Generated_Files.ipcf

Unable to parse files
In project: examples/rtos/MSP_EXP432E401Y/drivers/comparatorinterrupt/freertos/iar/comparatorinterrupt_MSP_EXP432E401Y_freertos_iar.ipcf

Unable to parse files
In project: examples/rtos/MSP_EXP432E401Y/drivers/comparatorinterrupt/tirtos/iar/SysConfig_Generated_Files.ipcf

TypeError: Path must be a string. Received undefined
In project: examples/rtos/MSP_EXP432E401Y/drivers/comparatorinterrupt/tirtos/iar/SysConfig_Generated_Files.ipcf

Unable to parse files
In project: examples/rtos/MSP_EXP432E401Y/drivers/comparatorinterrupt/tirtos/iar/comparatorinterrupt_MSP_EXP432E401Y_tirtos_iar.ipcf

Unable to parse files
In project: examples/rtos/MSP_EXP432E401Y/drivers/crc/freertos/iar/SysConfig_Generated_Files.ipcf

TypeError: Path must be a string. Received undefined
In project: examples/rtos/MSP_EXP432E401Y/drivers/crc/freertos/iar/SysConfig_Generated_Files.ipcf

Unable to parse files
In project: examples/rtos/MSP_EXP432E401Y/drivers/crc/freertos/iar/crc_MSP_EXP432E401Y_freertos_iar.ipcf

Unable to parse files
In project: examples/rtos/MSP_EXP432E401Y/drivers/crc/tirtos/iar/SysConfig_Generated_Files.ipcf

TypeError: Path must be a string. Received undefined
In project: examples/rtos/MSP_EXP432E401Y/drivers/crc/tirtos/iar/SysConfig_Generated_Files.ipcf

Unable to parse files
In project: examples/rtos/MSP_EXP432E401Y/drivers/crc/tirtos/iar/crc_MSP_EXP432E401Y_tirtos_iar.ipcf

Unable to parse files
In project: examples/rtos/MSP_EXP432E401Y/drivers/display/freertos/iar/SysConfig_Generated_Files.ipcf

TypeError: Path must be a string. Received undefined
In project: examples/rtos/MSP_EXP432E401Y/drivers/display/freertos/iar/SysConfig_Generated_Files.ipcf

Unable to parse files
In project: examples/rtos/MSP_EXP432E401Y/drivers/display/freertos/iar/display_MSP_EXP432E401Y_freertos_iar.ipcf

Unable to parse files
In project: examples/rtos/MSP_EXP432E401Y/drivers/display/tirtos/iar/SysConfig_Generated_Files.ipcf

TypeError: Path must be a string. Received undefined
In project: examples/rtos/MSP_EXP432E401Y/drivers/display/tirtos/iar/SysConfig_Generated_Files.ipcf

Unable to parse files
In project: examples/rtos/MSP_EXP432E401Y/drivers/display/tirtos/iar/display_MSP_EXP432E401Y_tirtos_iar.ipcf

Unable to parse files
In project: examples/rtos/MSP_EXP432E401Y/drivers/empty/freertos/iar/SysConfig_Generated_Files.ipcf

TypeError: Path must be a string. Received undefined
In project: examples/rtos/MSP_EXP432E401Y/drivers/empty/freertos/iar/SysConfig_Generated_Files.ipcf

Unable to parse files
In project: examples/rtos/MSP_EXP432E401Y/drivers/empty/freertos/iar/empty_MSP_EXP432E401Y_freertos_iar.ipcf

Unable to parse files
In project: examples/rtos/MSP_EXP432E401Y/drivers/empty/tirtos/iar/SysConfig_Generated_Files.ipcf

TypeError: Path must be a string. Received undefined
In project: examples/rtos/MSP_EXP432E401Y/drivers/empty/tirtos/iar/SysConfig_Generated_Files.ipcf

Unable to parse files
In project: examples/rtos/MSP_EXP432E401Y/drivers/empty/tirtos/iar/empty_MSP_EXP432E401Y_tirtos_iar.ipcf

Unable to parse files
In project: examples/rtos/MSP_EXP432E401Y/drivers/empty_legacy/freertos/iar/empty_legacy_MSP_EXP432E401Y_freertos_iar.ipcf

Unable to parse files
In project: examples/rtos/MSP_EXP432E401Y/drivers/empty_legacy/tirtos/iar/empty_legacy_MSP_EXP432E401Y_tirtos_iar.ipcf

Unable to parse files
In project: examples/rtos/MSP_EXP432E401Y/drivers/fatsdraw/freertos/iar/SysConfig_Generated_Files.ipcf

TypeError: Path must be a string. Received undefined
In project: examples/rtos/MSP_EXP432E401Y/drivers/fatsdraw/freertos/iar/SysConfig_Generated_Files.ipcf

Unable to parse files
In project: examples/rtos/MSP_EXP432E401Y/drivers/fatsdraw/freertos/iar/fatsdraw_MSP_EXP432E401Y_freertos_iar.ipcf

Unable to parse files
In project: examples/rtos/MSP_EXP432E401Y/drivers/fatsdraw/tirtos/iar/SysConfig_Generated_Files.ipcf

TypeError: Path must be a string. Received undefined
In project: examples/rtos/MSP_EXP432E401Y/drivers/fatsdraw/tirtos/iar/SysConfig_Generated_Files.ipcf

Unable to parse files
In project: examples/rtos/MSP_EXP432E401Y/drivers/fatsdraw/tirtos/iar/fatsdraw_MSP_EXP432E401Y_tirtos_iar.ipcf

Unable to parse files
In project: examples/rtos/MSP_EXP432E401Y/drivers/gpiointerrupt/freertos/iar/SysConfig_Generated_Files.ipcf

TypeError: Path must be a string. Received undefined
In project: examples/rtos/MSP_EXP432E401Y/drivers/gpiointerrupt/freertos/iar/SysConfig_Generated_Files.ipcf

Unable to parse files
In project: examples/rtos/MSP_EXP432E401Y/drivers/gpiointerrupt/freertos/iar/gpiointerrupt_MSP_EXP432E401Y_freertos_iar.ipcf

Unable to parse files
In project: examples/rtos/MSP_EXP432E401Y/drivers/gpiointerrupt/tirtos/iar/SysConfig_Generated_Files.ipcf

TypeError: Path must be a string. Received undefined
In project: examples/rtos/MSP_EXP432E401Y/drivers/gpiointerrupt/tirtos/iar/SysConfig_Generated_Files.ipcf

Unable to parse files
In project: examples/rtos/MSP_EXP432E401Y/drivers/gpiointerrupt/tirtos/iar/gpiointerrupt_MSP_EXP432E401Y_tirtos_iar.ipcf

Unable to parse files
In project: examples/rtos/MSP_EXP432E401Y/drivers/i2ctmp/freertos/iar/SysConfig_Generated_Files.ipcf

TypeError: Path must be a string. Received undefined
In project: examples/rtos/MSP_EXP432E401Y/drivers/i2ctmp/freertos/iar/SysConfig_Generated_Files.ipcf

Unable to parse files
In project: examples/rtos/MSP_EXP432E401Y/drivers/i2ctmp/freertos/iar/i2ctmp_MSP_EXP432E401Y_freertos_iar.ipcf

Unable to parse files
In project: examples/rtos/MSP_EXP432E401Y/drivers/i2ctmp/tirtos/iar/SysConfig_Generated_Files.ipcf

TypeError: Path must be a string. Received undefined
In project: examples/rtos/MSP_EXP432E401Y/drivers/i2ctmp/tirtos/iar/SysConfig_Generated_Files.ipcf

Unable to parse files
In project: examples/rtos/MSP_EXP432E401Y/drivers/i2ctmp/tirtos/iar/i2ctmp_MSP_EXP432E401Y_tirtos_iar.ipcf

Unable to parse files
In project: examples/rtos/MSP_EXP432E401Y/drivers/nvsinternal/freertos/iar/SysConfig_Generated_Files.ipcf

TypeError: Path must be a string. Received undefined
In project: examples/rtos/MSP_EXP432E401Y/drivers/nvsinternal/freertos/iar/SysConfig_Generated_Files.ipcf

Unable to parse files
In project: examples/rtos/MSP_EXP432E401Y/drivers/nvsinternal/freertos/iar/nvsinternal_MSP_EXP432E401Y_freertos_iar.ipcf

Unable to parse files
In project: examples/rtos/MSP_EXP432E401Y/drivers/nvsinternal/tirtos/iar/SysConfig_Generated_Files.ipcf

TypeError: Path must be a string. Received undefined
In project: examples/rtos/MSP_EXP432E401Y/drivers/nvsinternal/tirtos/iar/SysConfig_Generated_Files.ipcf

Unable to parse files
In project: examples/rtos/MSP_EXP432E401Y/drivers/nvsinternal/tirtos/iar/nvsinternal_MSP_EXP432E401Y_tirtos_iar.ipcf

Unable to parse files
In project: examples/rtos/MSP_EXP432E401Y/drivers/pwmled1/freertos/iar/SysConfig_Generated_Files.ipcf

TypeError: Path must be a string. Received undefined
In project: examples/rtos/MSP_EXP432E401Y/drivers/pwmled1/freertos/iar/SysConfig_Generated_Files.ipcf

Unable to parse files
In project: examples/rtos/MSP_EXP432E401Y/drivers/pwmled1/freertos/iar/pwmled1_MSP_EXP432E401Y_freertos_iar.ipcf

Unable to parse files
In project: examples/rtos/MSP_EXP432E401Y/drivers/pwmled1/tirtos/iar/SysConfig_Generated_Files.ipcf

TypeError: Path must be a string. Received undefined
In project: examples/rtos/MSP_EXP432E401Y/drivers/pwmled1/tirtos/iar/SysConfig_Generated_Files.ipcf

Unable to parse files
In project: examples/rtos/MSP_EXP432E401Y/drivers/pwmled1/tirtos/iar/pwmled1_MSP_EXP432E401Y_tirtos_iar.ipcf

Unable to parse files
In project: examples/rtos/MSP_EXP432E401Y/drivers/sdraw/freertos/iar/SysConfig_Generated_Files.ipcf

TypeError: Path must be a string. Received undefined
In project: examples/rtos/MSP_EXP432E401Y/drivers/sdraw/freertos/iar/SysConfig_Generated_Files.ipcf

Unable to parse files
In project: examples/rtos/MSP_EXP432E401Y/drivers/sdraw/freertos/iar/sdraw_MSP_EXP432E401Y_freertos_iar.ipcf

Unable to parse files
In project: examples/rtos/MSP_EXP432E401Y/drivers/sdraw/tirtos/iar/SysConfig_Generated_Files.ipcf

TypeError: Path must be a string. Received undefined
In project: examples/rtos/MSP_EXP432E401Y/drivers/sdraw/tirtos/iar/SysConfig_Generated_Files.ipcf

Unable to parse files
In project: examples/rtos/MSP_EXP432E401Y/drivers/sdraw/tirtos/iar/sdraw_MSP_EXP432E401Y_tirtos_iar.ipcf

Unable to parse files
In project: examples/rtos/MSP_EXP432E401Y/drivers/spiffsinternal/freertos/iar/SysConfig_Generated_Files.ipcf

TypeError: Path must be a string. Received undefined
In project: examples/rtos/MSP_EXP432E401Y/drivers/spiffsinternal/freertos/iar/SysConfig_Generated_Files.ipcf

Unable to parse files
In project: examples/rtos/MSP_EXP432E401Y/drivers/spiffsinternal/tirtos/iar/SysConfig_Generated_Files.ipcf

TypeError: Path must be a string. Received undefined
In project: examples/rtos/MSP_EXP432E401Y/drivers/spiffsinternal/tirtos/iar/SysConfig_Generated_Files.ipcf

Unable to parse files
In project: examples/rtos/MSP_EXP432E401Y/drivers/spiloopback/freertos/iar/SysConfig_Generated_Files.ipcf

TypeError: Path must be a string. Received undefined
In project: examples/rtos/MSP_EXP432E401Y/drivers/spiloopback/freertos/iar/SysConfig_Generated_Files.ipcf

Unable to parse files
In project: examples/rtos/MSP_EXP432E401Y/drivers/spiloopback/freertos/iar/spiloopback_MSP_EXP432E401Y_freertos_iar.ipcf

Unable to parse files
In project: examples/rtos/MSP_EXP432E401Y/drivers/spiloopback/tirtos/iar/SysConfig_Generated_Files.ipcf

TypeError: Path must be a string. Received undefined
In project: examples/rtos/MSP_EXP432E401Y/drivers/spiloopback/tirtos/iar/SysConfig_Generated_Files.ipcf

Unable to parse files
In project: examples/rtos/MSP_EXP432E401Y/drivers/spiloopback/tirtos/iar/spiloopback_MSP_EXP432E401Y_tirtos_iar.ipcf

Unable to parse files
In project: examples/rtos/MSP_EXP432E401Y/drivers/spimaster/freertos/iar/SysConfig_Generated_Files.ipcf

TypeError: Path must be a string. Received undefined
In project: examples/rtos/MSP_EXP432E401Y/drivers/spimaster/freertos/iar/SysConfig_Generated_Files.ipcf

Unable to parse files
In project: examples/rtos/MSP_EXP432E401Y/drivers/spimaster/freertos/iar/spimaster_MSP_EXP432E401Y_freertos_iar.ipcf

Unable to parse files
In project: examples/rtos/MSP_EXP432E401Y/drivers/spimaster/tirtos/iar/SysConfig_Generated_Files.ipcf

TypeError: Path must be a string. Received undefined
In project: examples/rtos/MSP_EXP432E401Y/drivers/spimaster/tirtos/iar/SysConfig_Generated_Files.ipcf

Unable to parse files
In project: examples/rtos/MSP_EXP432E401Y/drivers/spimaster/tirtos/iar/spimaster_MSP_EXP432E401Y_tirtos_iar.ipcf

Unable to parse files
In project: examples/rtos/MSP_EXP432E401Y/drivers/spislave/freertos/iar/SysConfig_Generated_Files.ipcf

TypeError: Path must be a string. Received undefined
In project: examples/rtos/MSP_EXP432E401Y/drivers/spislave/freertos/iar/SysConfig_Generated_Files.ipcf

Unable to parse files
In project: examples/rtos/MSP_EXP432E401Y/drivers/spislave/freertos/iar/spislave_MSP_EXP432E401Y_freertos_iar.ipcf

Unable to parse files
In project: examples/rtos/MSP_EXP432E401Y/drivers/spislave/tirtos/iar/SysConfig_Generated_Files.ipcf

TypeError: Path must be a string. Received undefined
In project: examples/rtos/MSP_EXP432E401Y/drivers/spislave/tirtos/iar/SysConfig_Generated_Files.ipcf

Unable to parse files
In project: examples/rtos/MSP_EXP432E401Y/drivers/spislave/tirtos/iar/spislave_MSP_EXP432E401Y_tirtos_iar.ipcf

Unable to parse files
In project: examples/rtos/MSP_EXP432E401Y/drivers/timerled/freertos/iar/SysConfig_Generated_Files.ipcf

TypeError: Path must be a string. Received undefined
In project: examples/rtos/MSP_EXP432E401Y/drivers/timerled/freertos/iar/SysConfig_Generated_Files.ipcf

Unable to parse files
In project: examples/rtos/MSP_EXP432E401Y/drivers/timerled/freertos/iar/timerled_MSP_EXP432E401Y_freertos_iar.ipcf

Unable to parse files
In project: examples/rtos/MSP_EXP432E401Y/drivers/timerled/tirtos/iar/SysConfig_Generated_Files.ipcf

TypeError: Path must be a string. Received undefined
In project: examples/rtos/MSP_EXP432E401Y/drivers/timerled/tirtos/iar/SysConfig_Generated_Files.ipcf

Unable to parse files
In project: examples/rtos/MSP_EXP432E401Y/drivers/timerled/tirtos/iar/timerled_MSP_EXP432E401Y_tirtos_iar.ipcf

Unable to parse files
In project: examples/rtos/MSP_EXP432E401Y/drivers/uartecho/freertos/iar/SysConfig_Generated_Files.ipcf

TypeError: Path must be a string. Received undefined
In project: examples/rtos/MSP_EXP432E401Y/drivers/uartecho/freertos/iar/SysConfig_Generated_Files.ipcf

Unable to parse files
In project: examples/rtos/MSP_EXP432E401Y/drivers/uartecho/freertos/iar/uartecho_MSP_EXP432E401Y_freertos_iar.ipcf

Unable to parse files
In project: examples/rtos/MSP_EXP432E401Y/drivers/uartecho/tirtos/iar/SysConfig_Generated_Files.ipcf

TypeError: Path must be a string. Received undefined
In project: examples/rtos/MSP_EXP432E401Y/drivers/uartecho/tirtos/iar/SysConfig_Generated_Files.ipcf

Unable to parse files
In project: examples/rtos/MSP_EXP432E401Y/drivers/uartecho/tirtos/iar/uartecho_MSP_EXP432E401Y_tirtos_iar.ipcf

Unable to parse files
In project: examples/rtos/MSP_EXP432E401Y/drivers/watchdog/freertos/iar/SysConfig_Generated_Files.ipcf

TypeError: Path must be a string. Received undefined
In project: examples/rtos/MSP_EXP432E401Y/drivers/watchdog/freertos/iar/SysConfig_Generated_Files.ipcf

Unable to parse files
In project: examples/rtos/MSP_EXP432E401Y/drivers/watchdog/freertos/iar/watchdog_MSP_EXP432E401Y_freertos_iar.ipcf

Unable to parse files
In project: examples/rtos/MSP_EXP432E401Y/drivers/watchdog/tirtos/iar/SysConfig_Generated_Files.ipcf

TypeError: Path must be a string. Received undefined
In project: examples/rtos/MSP_EXP432E401Y/drivers/watchdog/tirtos/iar/SysConfig_Generated_Files.ipcf

Unable to parse files
In project: examples/rtos/MSP_EXP432E401Y/drivers/watchdog/tirtos/iar/watchdog_MSP_EXP432E401Y_tirtos_iar.ipcf

Unable to parse files
In project: examples/rtos/MSP_EXP432E401Y/ns/httpget/freertos/iar/SysConfig_Generated_Files.ipcf

TypeError: Path must be a string. Received undefined
In project: examples/rtos/MSP_EXP432E401Y/ns/httpget/freertos/iar/SysConfig_Generated_Files.ipcf

Unable to parse files
In project: examples/rtos/MSP_EXP432E401Y/ns/httpget/freertos/iar/httpget_MSP_EXP432E401Y_freertos_iar.ipcf

Unable to parse files
In project: examples/rtos/MSP_EXP432E401Y/ns/httpget/tirtos/iar/SysConfig_Generated_Files.ipcf

TypeError: Path must be a string. Received undefined
In project: examples/rtos/MSP_EXP432E401Y/ns/httpget/tirtos/iar/SysConfig_Generated_Files.ipcf

Unable to parse files
In project: examples/rtos/MSP_EXP432E401Y/ns/httpget/tirtos/iar/httpget_MSP_EXP432E401Y_tirtos_iar.ipcf

Unable to parse files
In project: examples/rtos/MSP_EXP432E401Y/ns/httpserver/freertos/iar/SysConfig_Generated_Files.ipcf

TypeError: Path must be a string. Received undefined
In project: examples/rtos/MSP_EXP432E401Y/ns/httpserver/freertos/iar/SysConfig_Generated_Files.ipcf

Unable to parse files
In project: examples/rtos/MSP_EXP432E401Y/ns/httpserver/tirtos/iar/SysConfig_Generated_Files.ipcf

TypeError: Path must be a string. Received undefined
In project: examples/rtos/MSP_EXP432E401Y/ns/httpserver/tirtos/iar/SysConfig_Generated_Files.ipcf

Unable to parse files
In project: examples/rtos/MSP_EXP432E401Y/ns/httpsget/freertos/iar/SysConfig_Generated_Files.ipcf

TypeError: Path must be a string. Received undefined
In project: examples/rtos/MSP_EXP432E401Y/ns/httpsget/freertos/iar/SysConfig_Generated_Files.ipcf

Unable to parse files
In project: examples/rtos/MSP_EXP432E401Y/ns/httpsget/freertos/iar/httpsget_MSP_EXP432E401Y_freertos_iar.ipcf

Unable to parse files
In project: examples/rtos/MSP_EXP432E401Y/ns/httpsget/tirtos/iar/SysConfig_Generated_Files.ipcf

TypeError: Path must be a string. Received undefined
In project: examples/rtos/MSP_EXP432E401Y/ns/httpsget/tirtos/iar/SysConfig_Generated_Files.ipcf

Unable to parse files
In project: examples/rtos/MSP_EXP432E401Y/ns/httpsget/tirtos/iar/httpsget_MSP_EXP432E401Y_tirtos_iar.ipcf

Unable to parse files
In project: examples/rtos/MSP_EXP432E401Y/ns/mqttclient/freertos/iar/SysConfig_Generated_Files.ipcf

TypeError: Path must be a string. Received undefined
In project: examples/rtos/MSP_EXP432E401Y/ns/mqttclient/freertos/iar/SysConfig_Generated_Files.ipcf

Unable to parse files
In project: examples/rtos/MSP_EXP432E401Y/ns/mqttclient/freertos/iar/mqttclient_MSP_EXP432E401Y_freertos_iar.ipcf

Unable to parse files
In project: examples/rtos/MSP_EXP432E401Y/ns/mqttclient/tirtos/iar/SysConfig_Generated_Files.ipcf

TypeError: Path must be a string. Received undefined
In project: examples/rtos/MSP_EXP432E401Y/ns/mqttclient/tirtos/iar/SysConfig_Generated_Files.ipcf

Unable to parse files
In project: examples/rtos/MSP_EXP432E401Y/ns/mqttclient/tirtos/iar/mqttclient_MSP_EXP432E401Y_tirtos_iar.ipcf

Unable to parse files
In project: examples/rtos/MSP_EXP432E401Y/ns/mqttclientserver/freertos/iar/SysConfig_Generated_Files.ipcf

TypeError: Path must be a string. Received undefined
In project: examples/rtos/MSP_EXP432E401Y/ns/mqttclientserver/freertos/iar/SysConfig_Generated_Files.ipcf

Unable to parse files
In project: examples/rtos/MSP_EXP432E401Y/ns/mqttclientserver/freertos/iar/mqttclientserver_MSP_EXP432E401Y_freertos_iar.ipcf

Unable to parse files
In project: examples/rtos/MSP_EXP432E401Y/ns/mqttclientserver/tirtos/iar/SysConfig_Generated_Files.ipcf

TypeError: Path must be a string. Received undefined
In project: examples/rtos/MSP_EXP432E401Y/ns/mqttclientserver/tirtos/iar/SysConfig_Generated_Files.ipcf

Unable to parse files
In project: examples/rtos/MSP_EXP432E401Y/ns/mqttclientserver/tirtos/iar/mqttclientserver_MSP_EXP432E401Y_tirtos_iar.ipcf

Unable to parse files
In project: examples/rtos/MSP_EXP432E401Y/ns/tcpecho/freertos/iar/SysConfig_Generated_Files.ipcf

TypeError: Path must be a string. Received undefined
In project: examples/rtos/MSP_EXP432E401Y/ns/tcpecho/freertos/iar/SysConfig_Generated_Files.ipcf

Unable to parse files
In project: examples/rtos/MSP_EXP432E401Y/ns/tcpecho/freertos/iar/tcpecho_MSP_EXP432E401Y_freertos_iar.ipcf

Unable to parse files
In project: examples/rtos/MSP_EXP432E401Y/ns/tcpecho/tirtos/iar/SysConfig_Generated_Files.ipcf

TypeError: Path must be a string. Received undefined
In project: examples/rtos/MSP_EXP432E401Y/ns/tcpecho/tirtos/iar/SysConfig_Generated_Files.ipcf

Unable to parse files
In project: examples/rtos/MSP_EXP432E401Y/ns/tcpecho/tirtos/iar/tcpecho_MSP_EXP432E401Y_tirtos_iar.ipcf

Unable to parse files
In project: examples/rtos/MSP_EXP432E401Y/ns/tcpechotls/freertos/iar/SysConfig_Generated_Files.ipcf

TypeError: Path must be a string. Received undefined
In project: examples/rtos/MSP_EXP432E401Y/ns/tcpechotls/freertos/iar/SysConfig_Generated_Files.ipcf

Unable to parse files
In project: examples/rtos/MSP_EXP432E401Y/ns/tcpechotls/tirtos/iar/SysConfig_Generated_Files.ipcf

TypeError: Path must be a string. Received undefined
In project: examples/rtos/MSP_EXP432E401Y/ns/tcpechotls/tirtos/iar/SysConfig_Generated_Files.ipcf

Unable to parse files
In project: examples/rtos/MSP_EXP432E401Y/ns/udpecho/freertos/iar/SysConfig_Generated_Files.ipcf

TypeError: Path must be a string. Received undefined
In project: examples/rtos/MSP_EXP432E401Y/ns/udpecho/freertos/iar/SysConfig_Generated_Files.ipcf

Unable to parse files
In project: examples/rtos/MSP_EXP432E401Y/ns/udpecho/freertos/iar/udpecho_MSP_EXP432E401Y_freertos_iar.ipcf

Unable to parse files
In project: examples/rtos/MSP_EXP432E401Y/ns/udpecho/tirtos/iar/SysConfig_Generated_Files.ipcf

TypeError: Path must be a string. Received undefined
In project: examples/rtos/MSP_EXP432E401Y/ns/udpecho/tirtos/iar/SysConfig_Generated_Files.ipcf

Unable to parse files
In project: examples/rtos/MSP_EXP432E401Y/ns/udpecho/tirtos/iar/udpecho_MSP_EXP432E401Y_tirtos_iar.ipcf

Unable to parse files
In project: examples/rtos/MSP_EXP432E401Y/ns/udpechoipv6/freertos/iar/SysConfig_Generated_Files.ipcf

TypeError: Path must be a string. Received undefined
In project: examples/rtos/MSP_EXP432E401Y/ns/udpechoipv6/freertos/iar/SysConfig_Generated_Files.ipcf

Unable to parse files
In project: examples/rtos/MSP_EXP432E401Y/ns/udpechoipv6/freertos/iar/udpechoipv6_MSP_EXP432E401Y_freertos_iar.ipcf

Unable to parse files
In project: examples/rtos/MSP_EXP432E401Y/ns/udpechoipv6/tirtos/iar/SysConfig_Generated_Files.ipcf

TypeError: Path must be a string. Received undefined
In project: examples/rtos/MSP_EXP432E401Y/ns/udpechoipv6/tirtos/iar/SysConfig_Generated_Files.ipcf

Unable to parse files
In project: examples/rtos/MSP_EXP432E401Y/ns/udpechoipv6/tirtos/iar/udpechoipv6_MSP_EXP432E401Y_tirtos_iar.ipcf

Unable to parse files
In project: examples/rtos/MSP_EXP432E401Y/sysbios/benchloop/tirtos/iar/SysConfig_Generated_Files.ipcf

TypeError: Path must be a string. Received undefined
In project: examples/rtos/MSP_EXP432E401Y/sysbios/benchloop/tirtos/iar/SysConfig_Generated_Files.ipcf

Unable to parse files
In project: examples/rtos/MSP_EXP432E401Y/sysbios/benchloop/tirtos/iar/benchloop_MSP_EXP432E401Y_tirtos_iar.ipcf

Unable to parse files
In project: examples/rtos/MSP_EXP432E401Y/sysbios/clock/tirtos/iar/SysConfig_Generated_Files.ipcf

TypeError: Path must be a string. Received undefined
In project: examples/rtos/MSP_EXP432E401Y/sysbios/clock/tirtos/iar/SysConfig_Generated_Files.ipcf

Unable to parse files
In project: examples/rtos/MSP_EXP432E401Y/sysbios/clock/tirtos/iar/clock_MSP_EXP432E401Y_tirtos_iar.ipcf

Unable to parse files
In project: examples/rtos/MSP_EXP432E401Y/sysbios/error/tirtos/iar/SysConfig_Generated_Files.ipcf

TypeError: Path must be a string. Received undefined
In project: examples/rtos/MSP_EXP432E401Y/sysbios/error/tirtos/iar/SysConfig_Generated_Files.ipcf

Unable to parse files
In project: examples/rtos/MSP_EXP432E401Y/sysbios/error/tirtos/iar/error_MSP_EXP432E401Y_tirtos_iar.ipcf

Unable to parse files
In project: examples/rtos/MSP_EXP432E401Y/sysbios/event/tirtos/iar/SysConfig_Generated_Files.ipcf

TypeError: Path must be a string. Received undefined
In project: examples/rtos/MSP_EXP432E401Y/sysbios/event/tirtos/iar/SysConfig_Generated_Files.ipcf

Unable to parse files
In project: examples/rtos/MSP_EXP432E401Y/sysbios/event/tirtos/iar/event_MSP_EXP432E401Y_tirtos_iar.ipcf

Unable to parse files
In project: examples/rtos/MSP_EXP432E401Y/sysbios/hello/tirtos/iar/SysConfig_Generated_Files.ipcf

TypeError: Path must be a string. Received undefined
In project: examples/rtos/MSP_EXP432E401Y/sysbios/hello/tirtos/iar/SysConfig_Generated_Files.ipcf

Unable to parse files
In project: examples/rtos/MSP_EXP432E401Y/sysbios/hello/tirtos/iar/hello_MSP_EXP432E401Y_tirtos_iar.ipcf

Unable to parse files
In project: examples/rtos/MSP_EXP432E401Y/sysbios/mailbox/tirtos/iar/SysConfig_Generated_Files.ipcf

TypeError: Path must be a string. Received undefined
In project: examples/rtos/MSP_EXP432E401Y/sysbios/mailbox/tirtos/iar/SysConfig_Generated_Files.ipcf

Unable to parse files
In project: examples/rtos/MSP_EXP432E401Y/sysbios/mailbox/tirtos/iar/mailbox_MSP_EXP432E401Y_tirtos_iar.ipcf

Unable to parse files
In project: examples/rtos/MSP_EXP432E401Y/sysbios/memory/tirtos/iar/SysConfig_Generated_Files.ipcf

TypeError: Path must be a string. Received undefined
In project: examples/rtos/MSP_EXP432E401Y/sysbios/memory/tirtos/iar/SysConfig_Generated_Files.ipcf

Unable to parse files
In project: examples/rtos/MSP_EXP432E401Y/sysbios/memory/tirtos/iar/memory_MSP_EXP432E401Y_tirtos_iar.ipcf

Unable to parse files
In project: examples/rtos/MSP_EXP432E401Y/sysbios/mutex/tirtos/iar/SysConfig_Generated_Files.ipcf

TypeError: Path must be a string. Received undefined
In project: examples/rtos/MSP_EXP432E401Y/sysbios/mutex/tirtos/iar/SysConfig_Generated_Files.ipcf

Unable to parse files
In project: examples/rtos/MSP_EXP432E401Y/sysbios/mutex/tirtos/iar/mutex_MSP_EXP432E401Y_tirtos_iar.ipcf

Unable to parse files
In project: examples/rtos/MSP_EXP432E401Y/sysbios/swi/tirtos/iar/SysConfig_Generated_Files.ipcf

TypeError: Path must be a string. Received undefined
In project: examples/rtos/MSP_EXP432E401Y/sysbios/swi/tirtos/iar/SysConfig_Generated_Files.ipcf

Unable to parse files
In project: examples/rtos/MSP_EXP432E401Y/sysbios/swi/tirtos/iar/swi_MSP_EXP432E401Y_tirtos_iar.ipcf

Unable to parse files
In project: examples/rtos/MSP_EXP432E401Y/tiutils/json/freertos/iar/SysConfig_Generated_Files.ipcf

TypeError: Path must be a string. Received undefined
In project: examples/rtos/MSP_EXP432E401Y/tiutils/json/freertos/iar/SysConfig_Generated_Files.ipcf

Unable to parse files
In project: examples/rtos/MSP_EXP432E401Y/tiutils/json/freertos/iar/json_MSP_EXP432E401Y_freertos_iar.ipcf

Unable to parse files
In project: examples/rtos/MSP_EXP432E401Y/tiutils/json/tirtos/iar/SysConfig_Generated_Files.ipcf

TypeError: Path must be a string. Received undefined
In project: examples/rtos/MSP_EXP432E401Y/tiutils/json/tirtos/iar/SysConfig_Generated_Files.ipcf

Unable to parse files
In project: examples/rtos/MSP_EXP432E401Y/tiutils/json/tirtos/iar/json_MSP_EXP432E401Y_tirtos_iar.ipcf

Unable to parse files
In project: examples/rtos/MSP_EXP432E401Y/usblib/usb_cdc_mouse_device/freertos/iar/SysConfig_Generated_Files.ipcf

TypeError: Path must be a string. Received undefined
In project: examples/rtos/MSP_EXP432E401Y/usblib/usb_cdc_mouse_device/freertos/iar/SysConfig_Generated_Files.ipcf

Unable to parse files
In project: examples/rtos/MSP_EXP432E401Y/usblib/usb_cdc_mouse_device/freertos/iar/usb_cdc_mouse_device_MSP_EXP432E401Y_freertos_iar.ipcf

Unable to parse files
In project: examples/rtos/MSP_EXP432E401Y/usblib/usb_cdc_mouse_device/tirtos/iar/SysConfig_Generated_Files.ipcf

TypeError: Path must be a string. Received undefined
In project: examples/rtos/MSP_EXP432E401Y/usblib/usb_cdc_mouse_device/tirtos/iar/SysConfig_Generated_Files.ipcf

Unable to parse files
In project: examples/rtos/MSP_EXP432E401Y/usblib/usb_cdc_mouse_device/tirtos/iar/usb_cdc_mouse_device_MSP_EXP432E401Y_tirtos_iar.ipcf

Unable to parse files
In project: examples/rtos/MSP_EXP432E401Y/usblib/usb_cdc_serial_host/freertos/iar/SysConfig_Generated_Files.ipcf

TypeError: Path must be a string. Received undefined
In project: examples/rtos/MSP_EXP432E401Y/usblib/usb_cdc_serial_host/freertos/iar/SysConfig_Generated_Files.ipcf

Unable to parse files
In project: examples/rtos/MSP_EXP432E401Y/usblib/usb_cdc_serial_host/freertos/iar/usb_cdc_serial_host_MSP_EXP432E401Y_freertos_iar.ipcf

Unable to parse files
In project: examples/rtos/MSP_EXP432E401Y/usblib/usb_cdc_serial_host/tirtos/iar/SysConfig_Generated_Files.ipcf

TypeError: Path must be a string. Received undefined
In project: examples/rtos/MSP_EXP432E401Y/usblib/usb_cdc_serial_host/tirtos/iar/SysConfig_Generated_Files.ipcf

Unable to parse files
In project: examples/rtos/MSP_EXP432E401Y/usblib/usb_cdc_serial_host/tirtos/iar/usb_cdc_serial_host_MSP_EXP432E401Y_tirtos_iar.ipcf

Unable to parse files
In project: examples/rtos/MSP_EXP432E401Y/usblib/usb_hid_sensor_device/freertos/iar/SysConfig_Generated_Files.ipcf

TypeError: Path must be a string. Received undefined
In project: examples/rtos/MSP_EXP432E401Y/usblib/usb_hid_sensor_device/freertos/iar/SysConfig_Generated_Files.ipcf

Unable to parse files
In project: examples/rtos/MSP_EXP432E401Y/usblib/usb_hid_sensor_device/freertos/iar/usb_hid_sensor_device_MSP_EXP432E401Y_freertos_iar.ipcf

Unable to parse files
In project: examples/rtos/MSP_EXP432E401Y/usblib/usb_hid_sensor_device/tirtos/iar/SysConfig_Generated_Files.ipcf

TypeError: Path must be a string. Received undefined
In project: examples/rtos/MSP_EXP432E401Y/usblib/usb_hid_sensor_device/tirtos/iar/SysConfig_Generated_Files.ipcf

Unable to parse files
In project: examples/rtos/MSP_EXP432E401Y/usblib/usb_hid_sensor_device/tirtos/iar/usb_hid_sensor_device_MSP_EXP432E401Y_tirtos_iar.ipcf

Unable to parse files
In project: examples/rtos/MSP_EXP432E401Y/usblib/usb_keyboard_device/freertos/iar/SysConfig_Generated_Files.ipcf

TypeError: Path must be a string. Received undefined
In project: examples/rtos/MSP_EXP432E401Y/usblib/usb_keyboard_device/freertos/iar/SysConfig_Generated_Files.ipcf

Unable to parse files
In project: examples/rtos/MSP_EXP432E401Y/usblib/usb_keyboard_device/freertos/iar/usb_keyboard_device_MSP_EXP432E401Y_freertos_iar.ipcf

Unable to parse files
In project: examples/rtos/MSP_EXP432E401Y/usblib/usb_keyboard_device/tirtos/iar/SysConfig_Generated_Files.ipcf

TypeError: Path must be a string. Received undefined
In project: examples/rtos/MSP_EXP432E401Y/usblib/usb_keyboard_device/tirtos/iar/SysConfig_Generated_Files.ipcf

Unable to parse files
In project: examples/rtos/MSP_EXP432E401Y/usblib/usb_keyboard_device/tirtos/iar/usb_keyboard_device_MSP_EXP432E401Y_tirtos_iar.ipcf

Unable to parse files
In project: examples/rtos/MSP_EXP432E401Y/usblib/usb_keyboard_host/freertos/iar/SysConfig_Generated_Files.ipcf

TypeError: Path must be a string. Received undefined
In project: examples/rtos/MSP_EXP432E401Y/usblib/usb_keyboard_host/freertos/iar/SysConfig_Generated_Files.ipcf

Unable to parse files
In project: examples/rtos/MSP_EXP432E401Y/usblib/usb_keyboard_host/freertos/iar/usb_keyboard_host_MSP_EXP432E401Y_freertos_iar.ipcf

Unable to parse files
In project: examples/rtos/MSP_EXP432E401Y/usblib/usb_keyboard_host/tirtos/iar/SysConfig_Generated_Files.ipcf

TypeError: Path must be a string. Received undefined
In project: examples/rtos/MSP_EXP432E401Y/usblib/usb_keyboard_host/tirtos/iar/SysConfig_Generated_Files.ipcf

Unable to parse files
In project: examples/rtos/MSP_EXP432E401Y/usblib/usb_keyboard_host/tirtos/iar/usb_keyboard_host_MSP_EXP432E401Y_tirtos_iar.ipcf

Unable to parse files
In project: examples/rtos/MSP_EXP432E401Y/usblib/usb_mouse_device/freertos/iar/SysConfig_Generated_Files.ipcf

TypeError: Path must be a string. Received undefined
In project: examples/rtos/MSP_EXP432E401Y/usblib/usb_mouse_device/freertos/iar/SysConfig_Generated_Files.ipcf

Unable to parse files
In project: examples/rtos/MSP_EXP432E401Y/usblib/usb_mouse_device/freertos/iar/usb_mouse_device_MSP_EXP432E401Y_freertos_iar.ipcf

Unable to parse files
In project: examples/rtos/MSP_EXP432E401Y/usblib/usb_mouse_device/tirtos/iar/SysConfig_Generated_Files.ipcf

TypeError: Path must be a string. Received undefined
In project: examples/rtos/MSP_EXP432E401Y/usblib/usb_mouse_device/tirtos/iar/SysConfig_Generated_Files.ipcf

Unable to parse files
In project: examples/rtos/MSP_EXP432E401Y/usblib/usb_mouse_device/tirtos/iar/usb_mouse_device_MSP_EXP432E401Y_tirtos_iar.ipcf

Unable to parse files
In project: examples/rtos/MSP_EXP432E401Y/usblib/usb_mouse_host/freertos/iar/SysConfig_Generated_Files.ipcf

TypeError: Path must be a string. Received undefined
In project: examples/rtos/MSP_EXP432E401Y/usblib/usb_mouse_host/freertos/iar/SysConfig_Generated_Files.ipcf

Unable to parse files
In project: examples/rtos/MSP_EXP432E401Y/usblib/usb_mouse_host/freertos/iar/usb_mouse_host_MSP_EXP432E401Y_freertos_iar.ipcf

Unable to parse files
In project: examples/rtos/MSP_EXP432E401Y/usblib/usb_mouse_host/tirtos/iar/SysConfig_Generated_Files.ipcf

TypeError: Path must be a string. Received undefined
In project: examples/rtos/MSP_EXP432E401Y/usblib/usb_mouse_host/tirtos/iar/SysConfig_Generated_Files.ipcf

Unable to parse files
In project: examples/rtos/MSP_EXP432E401Y/usblib/usb_mouse_host/tirtos/iar/usb_mouse_host_MSP_EXP432E401Y_tirtos_iar.ipcf

Unable to parse files
In project: examples/rtos/MSP_EXP432E401Y/usblib/usb_msc_host/freertos/iar/SysConfig_Generated_Files.ipcf

TypeError: Path must be a string. Received undefined
In project: examples/rtos/MSP_EXP432E401Y/usblib/usb_msc_host/freertos/iar/SysConfig_Generated_Files.ipcf

Unable to parse files
In project: examples/rtos/MSP_EXP432E401Y/usblib/usb_msc_host/freertos/iar/usb_msc_host_MSP_EXP432E401Y_freertos_iar.ipcf

Unable to parse files
In project: examples/rtos/MSP_EXP432E401Y/usblib/usb_msc_host/tirtos/iar/SysConfig_Generated_Files.ipcf

TypeError: Path must be a string. Received undefined
In project: examples/rtos/MSP_EXP432E401Y/usblib/usb_msc_host/tirtos/iar/SysConfig_Generated_Files.ipcf

Unable to parse files
In project: examples/rtos/MSP_EXP432E401Y/usblib/usb_msc_host/tirtos/iar/usb_msc_host_MSP_EXP432E401Y_tirtos_iar.ipcf

Unable to parse files
In project: examples/rtos/MSP_EXP432E401Y/usblib/usb_serial_device/freertos/iar/SysConfig_Generated_Files.ipcf

TypeError: Path must be a string. Received undefined
In project: examples/rtos/MSP_EXP432E401Y/usblib/usb_serial_device/freertos/iar/SysConfig_Generated_Files.ipcf

Unable to parse files
In project: examples/rtos/MSP_EXP432E401Y/usblib/usb_serial_device/freertos/iar/usb_serial_device_MSP_EXP432E401Y_freertos_iar.ipcf

Unable to parse files
In project: examples/rtos/MSP_EXP432E401Y/usblib/usb_serial_device/tirtos/iar/SysConfig_Generated_Files.ipcf

TypeError: Path must be a string. Received undefined
In project: examples/rtos/MSP_EXP432E401Y/usblib/usb_serial_device/tirtos/iar/SysConfig_Generated_Files.ipcf

Unable to parse files
In project: examples/rtos/MSP_EXP432E401Y/usblib/usb_serial_device/tirtos/iar/usb_serial_device_MSP_EXP432E401Y_tirtos_iar.ipcf

File not found: ${FREERTOS_INSTALL_DIR}/FreeRTOS/Source/croutine.c
In project: kernel/freertos/builds/MSP432E411Y_BGAEVM/release/ccs/freertos_builds_MSP432E411Y_BGAEVM_release_ccs.projectspec

File not found: ${FREERTOS_INSTALL_DIR}/FreeRTOS/Source/event_groups.c
In project: kernel/freertos/builds/MSP432E411Y_BGAEVM/release/ccs/freertos_builds_MSP432E411Y_BGAEVM_release_ccs.projectspec

File not found: ${FREERTOS_INSTALL_DIR}/FreeRTOS/Source/list.c
In project: kernel/freertos/builds/MSP432E411Y_BGAEVM/release/ccs/freertos_builds_MSP432E411Y_BGAEVM_release_ccs.projectspec

File not found: ${FREERTOS_INSTALL_DIR}/FreeRTOS/Source/queue.c
In project: kernel/freertos/builds/MSP432E411Y_BGAEVM/release/ccs/freertos_builds_MSP432E411Y_BGAEVM_release_ccs.projectspec

File not found: ${FREERTOS_INSTALL_DIR}/FreeRTOS/Source/stream_buffer.c
In project: kernel/freertos/builds/MSP432E411Y_BGAEVM/release/ccs/freertos_builds_MSP432E411Y_BGAEVM_release_ccs.projectspec

File not found: ${FREERTOS_INSTALL_DIR}/FreeRTOS/Source/tasks.c
In project: kernel/freertos/builds/MSP432E411Y_BGAEVM/release/ccs/freertos_builds_MSP432E411Y_BGAEVM_release_ccs.projectspec

File not found: ${FREERTOS_INSTALL_DIR}/FreeRTOS/Source/timers.c
In project: kernel/freertos/builds/MSP432E411Y_BGAEVM/release/ccs/freertos_builds_MSP432E411Y_BGAEVM_release_ccs.projectspec

File not found: ${FREERTOS_INSTALL_DIR}/FreeRTOS/Source/portable/MemMang/heap_4.c
In project: kernel/freertos/builds/MSP432E411Y_BGAEVM/release/ccs/freertos_builds_MSP432E411Y_BGAEVM_release_ccs.projectspec

File not found: ${FREERTOS_INSTALL_DIR}/FreeRTOS/Source/portable/CCS/ARM_CM4F/port.c
In project: kernel/freertos/builds/MSP432E411Y_BGAEVM/release/ccs/freertos_builds_MSP432E411Y_BGAEVM_release_ccs.projectspec

File not found: ${FREERTOS_INSTALL_DIR}/FreeRTOS/Source/portable/CCS/ARM_CM4F/portasm.asm
In project: kernel/freertos/builds/MSP432E411Y_BGAEVM/release/ccs/freertos_builds_MSP432E411Y_BGAEVM_release_ccs.projectspec

File not found: ${FREERTOS_INSTALL_DIR}/FreeRTOS/Source/croutine.c
In project: kernel/freertos/builds/MSP432E411Y_BGAEVM/release/gcc/freertos_builds_MSP432E411Y_BGAEVM_release_gcc.projectspec

File not found: ${FREERTOS_INSTALL_DIR}/FreeRTOS/Source/event_groups.c
In project: kernel/freertos/builds/MSP432E411Y_BGAEVM/release/gcc/freertos_builds_MSP432E411Y_BGAEVM_release_gcc.projectspec

File not found: ${FREERTOS_INSTALL_DIR}/FreeRTOS/Source/list.c
In project: kernel/freertos/builds/MSP432E411Y_BGAEVM/release/gcc/freertos_builds_MSP432E411Y_BGAEVM_release_gcc.projectspec

File not found: ${FREERTOS_INSTALL_DIR}/FreeRTOS/Source/queue.c
In project: kernel/freertos/builds/MSP432E411Y_BGAEVM/release/gcc/freertos_builds_MSP432E411Y_BGAEVM_release_gcc.projectspec

File not found: ${FREERTOS_INSTALL_DIR}/FreeRTOS/Source/stream_buffer.c
In project: kernel/freertos/builds/MSP432E411Y_BGAEVM/release/gcc/freertos_builds_MSP432E411Y_BGAEVM_release_gcc.projectspec

File not found: ${FREERTOS_INSTALL_DIR}/FreeRTOS/Source/tasks.c
In project: kernel/freertos/builds/MSP432E411Y_BGAEVM/release/gcc/freertos_builds_MSP432E411Y_BGAEVM_release_gcc.projectspec

File not found: ${FREERTOS_INSTALL_DIR}/FreeRTOS/Source/timers.c
In project: kernel/freertos/builds/MSP432E411Y_BGAEVM/release/gcc/freertos_builds_MSP432E411Y_BGAEVM_release_gcc.projectspec

File not found: ${FREERTOS_INSTALL_DIR}/FreeRTOS/Source/portable/MemMang/heap_4.c
In project: kernel/freertos/builds/MSP432E411Y_BGAEVM/release/gcc/freertos_builds_MSP432E411Y_BGAEVM_release_gcc.projectspec

File not found: ${FREERTOS_INSTALL_DIR}/FreeRTOS/Source/portable/GCC/ARM_CM4F/port.c
In project: kernel/freertos/builds/MSP432E411Y_BGAEVM/release/gcc/freertos_builds_MSP432E411Y_BGAEVM_release_gcc.projectspec

File not found: ../../../../../../FreeRTOS/Source/croutine.c
In project: kernel/freertos/builds/MSP432E411Y_BGAEVM/release/iar/freertos_builds_MSP432E411Y_BGAEVM_release.ipcf

File not found: ../../../../../../FreeRTOS/Source/event_groups.c
In project: kernel/freertos/builds/MSP432E411Y_BGAEVM/release/iar/freertos_builds_MSP432E411Y_BGAEVM_release.ipcf

File not found: ../../../../../../FreeRTOS/Source/list.c
In project: kernel/freertos/builds/MSP432E411Y_BGAEVM/release/iar/freertos_builds_MSP432E411Y_BGAEVM_release.ipcf

File not found: ../../../../../../FreeRTOS/Source/queue.c
In project: kernel/freertos/builds/MSP432E411Y_BGAEVM/release/iar/freertos_builds_MSP432E411Y_BGAEVM_release.ipcf

File not found: ../../../../../../FreeRTOS/Source/stream_buffer.c
In project: kernel/freertos/builds/MSP432E411Y_BGAEVM/release/iar/freertos_builds_MSP432E411Y_BGAEVM_release.ipcf

File not found: ../../../../../../FreeRTOS/Source/tasks.c
In project: kernel/freertos/builds/MSP432E411Y_BGAEVM/release/iar/freertos_builds_MSP432E411Y_BGAEVM_release.ipcf

File not found: ../../../../../../FreeRTOS/Source/timers.c
In project: kernel/freertos/builds/MSP432E411Y_BGAEVM/release/iar/freertos_builds_MSP432E411Y_BGAEVM_release.ipcf

File not found: ../../../../../../FreeRTOS/Source/portable/IAR/ARM_CM4F/port.c
In project: kernel/freertos/builds/MSP432E411Y_BGAEVM/release/iar/freertos_builds_MSP432E411Y_BGAEVM_release.ipcf

File not found: ../../../../../../FreeRTOS/Source/portable/MemMang/heap_4.c
In project: kernel/freertos/builds/MSP432E411Y_BGAEVM/release/iar/freertos_builds_MSP432E411Y_BGAEVM_release.ipcf

File not found: ../../../../../../FreeRTOS/Source/portable/IAR/ARM_CM4F/portasm.s
In project: kernel/freertos/builds/MSP432E411Y_BGAEVM/release/iar/freertos_builds_MSP432E411Y_BGAEVM_release.ipcf

File not found: ${FREERTOS_INSTALL_DIR}/FreeRTOS/Source/croutine.c
In project: kernel/freertos/builds/MSP_EXP432E401Y/release/ccs/freertos_builds_MSP_EXP432E401Y_release_ccs.projectspec

File not found: ${FREERTOS_INSTALL_DIR}/FreeRTOS/Source/event_groups.c
In project: kernel/freertos/builds/MSP_EXP432E401Y/release/ccs/freertos_builds_MSP_EXP432E401Y_release_ccs.projectspec

File not found: ${FREERTOS_INSTALL_DIR}/FreeRTOS/Source/list.c
In project: kernel/freertos/builds/MSP_EXP432E401Y/release/ccs/freertos_builds_MSP_EXP432E401Y_release_ccs.projectspec

File not found: ${FREERTOS_INSTALL_DIR}/FreeRTOS/Source/queue.c
In project: kernel/freertos/builds/MSP_EXP432E401Y/release/ccs/freertos_builds_MSP_EXP432E401Y_release_ccs.projectspec

File not found: ${FREERTOS_INSTALL_DIR}/FreeRTOS/Source/stream_buffer.c
In project: kernel/freertos/builds/MSP_EXP432E401Y/release/ccs/freertos_builds_MSP_EXP432E401Y_release_ccs.projectspec

File not found: ${FREERTOS_INSTALL_DIR}/FreeRTOS/Source/tasks.c
In project: kernel/freertos/builds/MSP_EXP432E401Y/release/ccs/freertos_builds_MSP_EXP432E401Y_release_ccs.projectspec

File not found: ${FREERTOS_INSTALL_DIR}/FreeRTOS/Source/timers.c
In project: kernel/freertos/builds/MSP_EXP432E401Y/release/ccs/freertos_builds_MSP_EXP432E401Y_release_ccs.projectspec

File not found: ${FREERTOS_INSTALL_DIR}/FreeRTOS/Source/portable/MemMang/heap_4.c
In project: kernel/freertos/builds/MSP_EXP432E401Y/release/ccs/freertos_builds_MSP_EXP432E401Y_release_ccs.projectspec

File not found: ${FREERTOS_INSTALL_DIR}/FreeRTOS/Source/portable/CCS/ARM_CM4F/port.c
In project: kernel/freertos/builds/MSP_EXP432E401Y/release/ccs/freertos_builds_MSP_EXP432E401Y_release_ccs.projectspec

File not found: ${FREERTOS_INSTALL_DIR}/FreeRTOS/Source/portable/CCS/ARM_CM4F/portasm.asm
In project: kernel/freertos/builds/MSP_EXP432E401Y/release/ccs/freertos_builds_MSP_EXP432E401Y_release_ccs.projectspec

File not found: ${FREERTOS_INSTALL_DIR}/FreeRTOS/Source/croutine.c
In project: kernel/freertos/builds/MSP_EXP432E401Y/release/gcc/freertos_builds_MSP_EXP432E401Y_release_gcc.projectspec

File not found: ${FREERTOS_INSTALL_DIR}/FreeRTOS/Source/event_groups.c
In project: kernel/freertos/builds/MSP_EXP432E401Y/release/gcc/freertos_builds_MSP_EXP432E401Y_release_gcc.projectspec

File not found: ${FREERTOS_INSTALL_DIR}/FreeRTOS/Source/list.c
In project: kernel/freertos/builds/MSP_EXP432E401Y/release/gcc/freertos_builds_MSP_EXP432E401Y_release_gcc.projectspec

File not found: ${FREERTOS_INSTALL_DIR}/FreeRTOS/Source/queue.c
In project: kernel/freertos/builds/MSP_EXP432E401Y/release/gcc/freertos_builds_MSP_EXP432E401Y_release_gcc.projectspec

File not found: ${FREERTOS_INSTALL_DIR}/FreeRTOS/Source/stream_buffer.c
In project: kernel/freertos/builds/MSP_EXP432E401Y/release/gcc/freertos_builds_MSP_EXP432E401Y_release_gcc.projectspec

File not found: ${FREERTOS_INSTALL_DIR}/FreeRTOS/Source/tasks.c
In project: kernel/freertos/builds/MSP_EXP432E401Y/release/gcc/freertos_builds_MSP_EXP432E401Y_release_gcc.projectspec

File not found: ${FREERTOS_INSTALL_DIR}/FreeRTOS/Source/timers.c
In project: kernel/freertos/builds/MSP_EXP432E401Y/release/gcc/freertos_builds_MSP_EXP432E401Y_release_gcc.projectspec

File not found: ${FREERTOS_INSTALL_DIR}/FreeRTOS/Source/portable/MemMang/heap_4.c
In project: kernel/freertos/builds/MSP_EXP432E401Y/release/gcc/freertos_builds_MSP_EXP432E401Y_release_gcc.projectspec

File not found: ${FREERTOS_INSTALL_DIR}/FreeRTOS/Source/portable/GCC/ARM_CM4F/port.c
In project: kernel/freertos/builds/MSP_EXP432E401Y/release/gcc/freertos_builds_MSP_EXP432E401Y_release_gcc.projectspec

File not found: ../../../../../../FreeRTOS/Source/croutine.c
In project: kernel/freertos/builds/MSP_EXP432E401Y/release/iar/freertos_builds_MSP_EXP432E401Y_release.ipcf

File not found: ../../../../../../FreeRTOS/Source/event_groups.c
In project: kernel/freertos/builds/MSP_EXP432E401Y/release/iar/freertos_builds_MSP_EXP432E401Y_release.ipcf

File not found: ../../../../../../FreeRTOS/Source/list.c
In project: kernel/freertos/builds/MSP_EXP432E401Y/release/iar/freertos_builds_MSP_EXP432E401Y_release.ipcf

File not found: ../../../../../../FreeRTOS/Source/queue.c
In project: kernel/freertos/builds/MSP_EXP432E401Y/release/iar/freertos_builds_MSP_EXP432E401Y_release.ipcf

File not found: ../../../../../../FreeRTOS/Source/stream_buffer.c
In project: kernel/freertos/builds/MSP_EXP432E401Y/release/iar/freertos_builds_MSP_EXP432E401Y_release.ipcf

File not found: ../../../../../../FreeRTOS/Source/tasks.c
In project: kernel/freertos/builds/MSP_EXP432E401Y/release/iar/freertos_builds_MSP_EXP432E401Y_release.ipcf

File not found: ../../../../../../FreeRTOS/Source/timers.c
In project: kernel/freertos/builds/MSP_EXP432E401Y/release/iar/freertos_builds_MSP_EXP432E401Y_release.ipcf

File not found: ../../../../../../FreeRTOS/Source/portable/IAR/ARM_CM4F/port.c
In project: kernel/freertos/builds/MSP_EXP432E401Y/release/iar/freertos_builds_MSP_EXP432E401Y_release.ipcf

File not found: ../../../../../../FreeRTOS/Source/portable/MemMang/heap_4.c
In project: kernel/freertos/builds/MSP_EXP432E401Y/release/iar/freertos_builds_MSP_EXP432E401Y_release.ipcf

File not found: ../../../../../../FreeRTOS/Source/portable/IAR/ARM_CM4F/portasm.s
In project: kernel/freertos/builds/MSP_EXP432E401Y/release/iar/freertos_builds_MSP_EXP432E401Y_release.ipcf

